<?xml version="1.0" encoding="UTF-8"?>
<!-- Generated by org.testng.reporters.JUnitReportReporter -->
<testsuite hostname="Jasmeen" failures="0" tests="1" name="nagp.com.testcases.Test_OAuth" time="6.855" errors="0" timestamp="2024-12-10T11:00:02 IST" skipped="0">
  <testcase classname="nagp.com.testcases.Test_OAuth" name="getResources" time="6.855"/>
  <system-out/>
</testsuite> <!-- nagp.com.testcases.Test_OAuth -->
