<?xml version="1.0" encoding="UTF-8"?>
<!-- Generated by org.testng.reporters.JUnitReportReporter -->
<testsuite hostname="Jasmeen" failures="0" tests="1" name="nagp.com.testcases.Nested_Deserialisation" time="6.858" errors="0" timestamp="2024-12-10T16:45:36 IST" skipped="0">
  <testcase classname="nagp.com.testcases.Nested_Deserialisation" name="check" time="6.858"/>
  <system-out/>
</testsuite> <!-- nagp.com.testcases.Nested_Deserialisation -->
