<?xml version="1.0" encoding="UTF-8"?>
<!-- Generated by org.testng.reporters.JUnitReportReporter -->
<testsuite hostname="IN-54M9WP3" failures="0" tests="1" name="nagp.com.testcases.TEST_CREATEBOOKING" time="1.729" errors="0" timestamp="2024-06-24T21:53:54 IST" skipped="0">
  <testcase classname="nagp.com.testcases.TEST_CREATEBOOKING" name="createBookingTest" time="1.729"/>
  <system-out/>
</testsuite> <!-- nagp.com.testcases.TEST_CREATEBOOKING -->
