<?xml version="1.0" encoding="UTF-8"?>
<!-- Generated by org.testng.reporters.JUnitReportReporter -->
<testsuite hostname="Jasmeen" failures="0" tests="1" name="nagp.com.testcases.Test_JasuRest1" time="6.499" errors="0" timestamp="2024-12-06T17:48:34 IST" skipped="0">
  <testcase classname="nagp.com.testcases.Test_JasuRest1" name="createBookingTest34" time="6.499"/>
  <system-out/>
</testsuite> <!-- nagp.com.testcases.Test_JasuRest1 -->
