<?xml version="1.0" encoding="UTF-8"?>
<!-- Generated by org.testng.reporters.JUnitReportReporter -->
<testsuite hostname="IN-54M9WP3" failures="0" tests="2" name="nagp.com.testcases.createAndGetTokenTest" time="4.800" errors="0" timestamp="2024-06-24T16:47:48 IST" skipped="0">
  <testcase classname="nagp.com.testcases.createAndGetTokenTest" name="testAuthToken" time="3.326"/>
  <system-out/>
  <testcase classname="nagp.com.testcases.createAndGetTokenTest" name="testAuthenticationToken" time="1.474"/>
  <system-out/>
</testsuite> <!-- nagp.com.testcases.createAndGetTokenTest -->
