<?xml version="1.0" encoding="UTF-8"?>
<!-- Generated by org.testng.reporters.JUnitReportReporter -->
<testsuite hostname="IN-54M9WP3" failures="0" tests="2" name="nagp.com.testcases.TestGetRequests" time="2.448" errors="0" timestamp="2024-06-24T16:11:53 IST" skipped="0">
  <testcase classname="nagp.com.testcases.TestGetRequests" name="getRequestTestWithQueryParam" time="0.224"/>
  <system-out/>
  <testcase classname="nagp.com.testcases.TestGetRequests" name="getRequestTest" time="2.224"/>
  <system-out/>
</testsuite> <!-- nagp.com.testcases.TestGetRequests -->
