<?xml version="1.0" encoding="UTF-8"?>
<!-- Generated by org.testng.reporters.JUnitReportReporter -->
<testsuite hostname="IN-54M9WP3" failures="0" tests="1" name="nagp.com.testcases.getBookingAndBookingIDs" time="3.161" errors="0" timestamp="2024-06-24T16:58:19 IST" skipped="0">
  <testcase classname="nagp.com.testcases.getBookingAndBookingIDs" name="getRequestTestWithQueryParam" time="3.161"/>
  <system-out/>
</testsuite> <!-- nagp.com.testcases.getBookingAndBookingIDs -->
