<?xml version="1.0" encoding="UTF-8"?>
<!-- Generated by org.testng.reporters.JUnitReportReporter -->
<testsuite hostname="Jasmeen" failures="0" tests="3" name="nagp.com.testcases.Deserialization" time="8.575" errors="0" timestamp="2024-12-10T16:45:03 IST" skipped="0">
  <testcase classname="nagp.com.testcases.Deserialization" name="check" time="0.676"/>
  <system-out/>
  <testcase classname="nagp.com.testcases.Deserialization" name="check" time="0.733"/>
  <system-out/>
  <testcase classname="nagp.com.testcases.Deserialization" name="check" time="7.166"/>
  <system-out/>
</testsuite> <!-- nagp.com.testcases.Deserialization -->
