<?xml version="1.0" encoding="UTF-8"?>
<!-- Generated by org.testng.reporters.JUnitReportReporter -->
<testsuite hostname="IN-54M9WP3" failures="0" tests="2" name="nagp.com.testcases.TestAuthentication" time="4.784" errors="0" timestamp="2024-06-24T16:39:37 IST" skipped="0">
  <testcase classname="nagp.com.testcases.TestAuthentication" name="testAuthToken" time="3.311"/>
  <system-out/>
  <testcase classname="nagp.com.testcases.TestAuthentication" name="testAuthenticationToken" time="1.473"/>
  <system-out/>
</testsuite> <!-- nagp.com.testcases.TestAuthentication -->
