<?xml version="1.0" encoding="UTF-8"?>
<!-- Generated by org.testng.reporters.JUnitReportReporter -->
<testsuite hostname="IN-54M9WP3" failures="0" tests="1" name="nagp.com.testcases.createBooking" time="3.420" errors="0" timestamp="2024-06-24T17:43:02 IST" skipped="0">
  <testcase classname="nagp.com.testcases.createBooking" name="createBookingTest" time="3.420"/>
  <system-out/>
</testsuite> <!-- nagp.com.testcases.createBooking -->
