<?xml version="1.0" encoding="UTF-8"?>
<!-- Generated by org.testng.reporters.JUnitReportReporter -->
<testsuite hostname="IN-54M9WP3" failures="0" tests="2" name="nagp.com.testcases.TEST_GETBOOKING_BOOKINGIDS" time="4.237" errors="0" timestamp="2024-06-24T21:53:54 IST" skipped="0">
  <testcase classname="nagp.com.testcases.TEST_GETBOOKING_BOOKINGIDS" name="getRequestBooking" time="2.870"/>
  <system-out/>
  <testcase classname="nagp.com.testcases.TEST_GETBOOKING_BOOKINGIDS" name="getRequestTestWithQueryParam" time="1.367"/>
  <system-out/>
</testsuite> <!-- nagp.com.testcases.TEST_GETBOOKING_BOOKINGIDS -->
