<?xml version="1.0" encoding="UTF-8"?>
<!-- Generated by org.testng.reporters.JUnitReportReporter -->
<testsuite hostname="IN-54M9WP3" failures="0" tests="1" name="nagp.com.testcases.TestGetRequestWithRestAssuredConfig" time="1.459" errors="0" timestamp="2024-06-24T15:46:08 IST" skipped="0">
  <testcase classname="nagp.com.testcases.TestGetRequestWithRestAssuredConfig" name="getRequestTestwithRestAssuredConfig" time="1.459"/>
  <system-out/>
</testsuite> <!-- nagp.com.testcases.TestGetRequestWithRestAssuredConfig -->
